0 info it worked if it ends with ok
1 verbose cli [ 'D:\\Program Files\\nodejs\\node.exe',
1 verbose cli   'D:\\Program Files\\nodejs\\node_modules\\npm\\bin\\npm-cli.js',
1 verbose cli   'start' ]
2 info using npm@3.6.0
3 info using node@v5.7.1
4 verbose run-script [ 'prestart', 'start', 'poststart' ]
5 info lifecycle dinner-planner@0.0.0~prestart: dinner-planner@0.0.0
6 verbose lifecycle dinner-planner@0.0.0~prestart: unsafe-perm in lifecycle true
7 verbose lifecycle dinner-planner@0.0.0~prestart: PATH: D:\Program Files\nodejs\node_modules\npm\bin\node-gyp-bin;E:\Users\Rona\Documents\课程资料\Dynamic Lab\Dynamic-Lab\node_modules\.bin;C:\Program Files\Broadcom\Broadcom 802.11 Network Adapter;C:\WINDOWS\system32;C:\WINDOWS;C:\WINDOWS\System32\Wbem;C:\WINDOWS\System32\WindowsPowerShell\v1.0\;C:\Program Files\Intel\WiFi\bin\;C:\Program Files\Common Files\Intel\WirelessCommon\;C:\Program Files (x86)\Skype\Phone\;D:\Program Files\nodejs\;C:\ProgramData\chocolatey\bin;C:\Program Files\Git\cmd;C:\Program Files\Intel\WiFi\bin\;C:\Program Files\Common Files\Intel\WirelessCommon\;D:\Program Files (x86)\Microsoft VS Code\bin;C:\Users\Rona\AppData\Roaming\npm
8 verbose lifecycle dinner-planner@0.0.0~prestart: CWD: E:\Users\Rona\Documents\课程资料\Dynamic Lab\Dynamic-Lab
9 silly lifecycle dinner-planner@0.0.0~prestart: Args: [ '/d /s /c', 'npm install' ]
10 silly lifecycle dinner-planner@0.0.0~prestart: Returned: code: 0  signal: null
11 info lifecycle dinner-planner@0.0.0~start: dinner-planner@0.0.0
12 verbose lifecycle dinner-planner@0.0.0~start: unsafe-perm in lifecycle true
13 verbose lifecycle dinner-planner@0.0.0~start: PATH: D:\Program Files\nodejs\node_modules\npm\bin\node-gyp-bin;E:\Users\Rona\Documents\课程资料\Dynamic Lab\Dynamic-Lab\node_modules\.bin;C:\Program Files\Broadcom\Broadcom 802.11 Network Adapter;C:\WINDOWS\system32;C:\WINDOWS;C:\WINDOWS\System32\Wbem;C:\WINDOWS\System32\WindowsPowerShell\v1.0\;C:\Program Files\Intel\WiFi\bin\;C:\Program Files\Common Files\Intel\WirelessCommon\;C:\Program Files (x86)\Skype\Phone\;D:\Program Files\nodejs\;C:\ProgramData\chocolatey\bin;C:\Program Files\Git\cmd;C:\Program Files\Intel\WiFi\bin\;C:\Program Files\Common Files\Intel\WirelessCommon\;D:\Program Files (x86)\Microsoft VS Code\bin;C:\Users\Rona\AppData\Roaming\npm
14 verbose lifecycle dinner-planner@0.0.0~start: CWD: E:\Users\Rona\Documents\课程资料\Dynamic Lab\Dynamic-Lab
15 silly lifecycle dinner-planner@0.0.0~start: Args: [ '/d /s /c', 'http-server app/ -a 0.0.0.0 -p 8000' ]
16 silly lifecycle dinner-planner@0.0.0~start: Returned: code: 1  signal: null
17 info lifecycle dinner-planner@0.0.0~start: Failed to exec start script
18 verbose stack Error: dinner-planner@0.0.0 start: `http-server app/ -a 0.0.0.0 -p 8000`
18 verbose stack Exit status 1
18 verbose stack     at EventEmitter.<anonymous> (D:\Program Files\nodejs\node_modules\npm\lib\utils\lifecycle.js:232:16)
18 verbose stack     at emitTwo (events.js:100:13)
18 verbose stack     at EventEmitter.emit (events.js:185:7)
18 verbose stack     at ChildProcess.<anonymous> (D:\Program Files\nodejs\node_modules\npm\lib\utils\spawn.js:24:14)
18 verbose stack     at emitTwo (events.js:100:13)
18 verbose stack     at ChildProcess.emit (events.js:185:7)
18 verbose stack     at maybeClose (internal/child_process.js:827:16)
18 verbose stack     at Process.ChildProcess._handle.onexit (internal/child_process.js:211:5)
19 verbose pkgid dinner-planner@0.0.0
20 verbose cwd E:\Users\Rona\Documents\课程资料\Dynamic Lab\Dynamic-Lab
21 error Windows_NT 10.0.10586
22 error argv "D:\\Program Files\\nodejs\\node.exe" "D:\\Program Files\\nodejs\\node_modules\\npm\\bin\\npm-cli.js" "start"
23 error node v5.7.1
24 error npm  v3.6.0
25 error code ELIFECYCLE
26 error dinner-planner@0.0.0 start: `http-server app/ -a 0.0.0.0 -p 8000`
26 error Exit status 1
27 error Failed at the dinner-planner@0.0.0 start script 'http-server app/ -a 0.0.0.0 -p 8000'.
27 error Make sure you have the latest version of node.js and npm installed.
27 error If you do, this is most likely a problem with the dinner-planner package,
27 error not with npm itself.
27 error Tell the author that this fails on your system:
27 error     http-server app/ -a 0.0.0.0 -p 8000
27 error You can get information on how to open an issue for this project with:
27 error     npm bugs dinner-planner
27 error Or if that isn't available, you can get their info via:
27 error     npm owner ls dinner-planner
27 error There is likely additional logging output above.
28 verbose exit [ 1, true ]
